#
# There is insufficient memory for the Java Runtime Environment to continue.
# Native memory allocation (mmap) failed to map 266338304 bytes for Failed to commit area from 0x0000000702800000 to 0x0000000712600000 of length 266338304.
# Possible reasons:
#   The system is out of physical RAM or swap space
#   The process is running with CompressedOops enabled, and the Java Heap may be blocking the growth of the native heap
# Possible solutions:
#   Reduce memory load on the system
#   Increase physical memory or swap space
#   Check if swap backing store is full
#   Decrease Java heap size (-Xmx/-Xms)
#   Decrease number of Java threads
#   Decrease Java thread stack sizes (-Xss)
#   Set larger code cache with -XX:ReservedCodeCacheSize=
# This output file may be truncated or incomplete.
#
#  Out of Memory Error (t:/workspace/open/src/hotspot/os/windows/os_windows.cpp:3269), pid=13784, tid=38528
#
# JRE version:  (11.0+28) (build )
# Java VM: OpenJDK 64-Bit Server VM (11+28, mixed mode, aot, sharing, tiered, compressed oops, g1 gc, windows-amd64)
# No core dump will be written. Minidumps are not enabled by default on client versions of Windows
#

---------------  S U M M A R Y ------------

Command Line: -Dfile.encoding=UTF-8 de.rac.openscenario.generator.cpp.GeneratorCpp D:\osc-api\openscenario.api.test\cpp\openScenarioLib\generated

Host: Intel(R) Core(TM) i5-8500 CPU @ 3.00GHz, 6 cores, 15G,  Windows 10 , 64 bit Build 19041 (10.0.19041.1889)
Time: Tue Aug 23 07:44:43 2022 Mitteleuropäische Sommerzeit elapsed time: 0 seconds (0d 0h 0m 0s)

---------------  T H R E A D  ---------------

Current thread (0x0000019797723000):  JavaThread "Unknown thread" [_thread_in_vm, id=38528, stack(0x00000024b1800000,0x00000024b1900000)]

Stack: [0x00000024b1800000,0x00000024b1900000]
Native frames: (J=compiled Java code, j=interpreted, Vv=VM code, C=native code)
V  [jvm.dll+0x63adaa]
V  [jvm.dll+0x77852f]
V  [jvm.dll+0x779b18]
V  [jvm.dll+0x77a1d3]
V  [jvm.dll+0x2624c8]
V  [jvm.dll+0x63825a]
V  [jvm.dll+0x62cb15]
V  [jvm.dll+0x31563c]
V  [jvm.dll+0x3154c2]
V  [jvm.dll+0x31ad36]
V  [jvm.dll+0x36726f]
V  [jvm.dll+0x366c90]
V  [jvm.dll+0x2f2378]
V  [jvm.dll+0x2f34d6]
V  [jvm.dll+0x7517d7]
V  [jvm.dll+0x752f1f]
V  [jvm.dll+0x374099]
V  [jvm.dll+0x738059]
V  [jvm.dll+0x3e35fd]
V  [jvm.dll+0x3e5961]
C  [javaw.exe+0x3613]
C  [javaw.exe+0x17a6c]
C  [KERNEL32.DLL+0x17034]
C  [ntdll.dll+0x52651]


---------------  P R O C E S S  ---------------

Threads class SMR info:
_java_thread_list=0x0000019794e9fe50, length=0, elements={
}

Java Threads: ( => current thread )

Other Threads:
  0x0000019797738800 GCTaskThread "GC Thread#0" [stack: 0x00000024b1900000,0x00000024b1a00000] [id=38944]
  0x000001979777d800 ConcurrentGCThread "G1 Main Marker" [stack: 0x00000024b1a00000,0x00000024b1b00000] [id=20612]
  0x000001979777e800 ConcurrentGCThread "G1 Conc#0" [stack: 0x00000024b1b00000,0x00000024b1c00000] [id=34556]

[error occurred during error reporting (printing all threads), id 0xc0000005, EXCEPTION_ACCESS_VIOLATION (0xc0000005) at pc=0x00007ffb685e0d37]

VM state:not at safepoint (not fully initialized)

VM Mutex/Monitor currently owned by a thread:  ([mutex/lock_event])
[0x000001979771e2e0] Heap_lock - owner thread: 0x0000019797723000

Heap address: 0x0000000702800000, size: 4056 MB, Compressed Oops mode: Non-zero based: 0x0000000702800000
Narrow klass base: 0x0000000000000000, Narrow klass shift: 0

GC Heap History (0 events):
No events

Deoptimization events (0 events):
No events

Classes redefined (0 events):
No events

Internal exceptions (0 events):
No events

Events (0 events):
No events


Dynamic libraries:
0x00007ff66a6d0000 - 0x00007ff66a715000 	C:\Program Files\Java\jdk-11\bin\javaw.exe
0x00007ffbf49b0000 - 0x00007ffbf4ba8000 	C:\WINDOWS\SYSTEM32\ntdll.dll
0x00007ffbf41d0000 - 0x00007ffbf428d000 	C:\WINDOWS\System32\KERNEL32.DLL
0x00007ffbf20d0000 - 0x00007ffbf239e000 	C:\WINDOWS\System32\KERNELBASE.dll
0x00007ffbf3690000 - 0x00007ffbf3830000 	C:\WINDOWS\System32\USER32.dll
0x00007ffbf2410000 - 0x00007ffbf2432000 	C:\WINDOWS\System32\win32u.dll
0x00007ffbf4540000 - 0x00007ffbf456a000 	C:\WINDOWS\System32\GDI32.dll
0x00007ffbf2750000 - 0x00007ffbf285b000 	C:\WINDOWS\System32\gdi32full.dll
0x00007ffbf2660000 - 0x00007ffbf26fd000 	C:\WINDOWS\System32\msvcp_win.dll
0x00007ffbf2860000 - 0x00007ffbf2960000 	C:\WINDOWS\System32\ucrtbase.dll
0x00007ffbe2f50000 - 0x00007ffbe31ea000 	C:\WINDOWS\WinSxS\amd64_microsoft.windows.common-controls_6595b64144ccf1df_6.0.19041.1110_none_60b5254171f9507e\COMCTL32.dll
0x00007ffbf4420000 - 0x00007ffbf44be000 	C:\WINDOWS\System32\msvcrt.dll
0x00007ffbf3600000 - 0x00007ffbf3630000 	C:\WINDOWS\System32\IMM32.DLL
0x00007ffbcfe20000 - 0x00007ffbd0022000 	C:\WINDOWS\system32\tmumh\20019\AddOn\8.53.0.1128\TmUmEvt64.dll
0x00007ffbf4570000 - 0x00007ffbf4578000 	C:\WINDOWS\System32\PSAPI.DLL
0x00007ffbf32f0000 - 0x00007ffbf339e000 	C:\WINDOWS\System32\ADVAPI32.dll
0x00007ffbf4370000 - 0x00007ffbf440c000 	C:\WINDOWS\System32\sechost.dll
0x00007ffbf3160000 - 0x00007ffbf3285000 	C:\WINDOWS\System32\RPCRT4.dll
0x000000006de60000 - 0x000000006dfd0000 	C:\WINDOWS\system32\tmumh\20019\TmMon\2.8.0.1054\tmmon64.dll
0x00007ffbc0b80000 - 0x00007ffbc0b96000 	C:\Program Files\Java\jdk-11\bin\vcruntime140.dll
0x00007ffbacee0000 - 0x00007ffbacf8a000 	C:\Program Files\Java\jdk-11\bin\msvcp140.dll
0x00007ffb682e0000 - 0x00007ffb68e21000 	C:\Program Files\Java\jdk-11\bin\server\jvm.dll
0x00007ffbe63a0000 - 0x00007ffbe63a9000 	C:\WINDOWS\SYSTEM32\WSOCK32.dll
0x00007ffbf3dd0000 - 0x00007ffbf3e3b000 	C:\WINDOWS\System32\WS2_32.dll
0x00007ffbe8490000 - 0x00007ffbe84b7000 	C:\WINDOWS\SYSTEM32\WINMM.dll
0x00007ffbe9910000 - 0x00007ffbe991a000 	C:\WINDOWS\SYSTEM32\VERSION.dll
0x00007ffbf09b0000 - 0x00007ffbf09c2000 	C:\WINDOWS\SYSTEM32\kernel.appcore.dll
0x00007ffbd4620000 - 0x00007ffbd4631000 	C:\Program Files\Java\jdk-11\bin\verify.dll
0x00007ffbf05b0000 - 0x00007ffbf0794000 	C:\WINDOWS\SYSTEM32\DBGHELP.DLL
0x00007ffbec1b0000 - 0x00007ffbec1dc000 	C:\WINDOWS\SYSTEM32\dbgcore.DLL
0x00007ffbf2440000 - 0x00007ffbf24c2000 	C:\WINDOWS\System32\bcryptPrimitives.dll
0x00007ffbcb820000 - 0x00007ffbcb848000 	C:\Program Files\Java\jdk-11\bin\java.dll
0x00007ffbcbcf0000 - 0x00007ffbcbd06000 	C:\Program Files\Java\jdk-11\bin\zip.dll
0x00007ffbd4610000 - 0x00007ffbd461a000 	C:\Program Files\Java\jdk-11\bin\jimage.dll

dbghelp: loaded successfully - version: 4.0.5 - missing functions: none
symbol engine: initialized successfully - sym options: 0x614 - pdb path: .;C:\Program Files\Java\jdk-11\bin;C:\WINDOWS\SYSTEM32;C:\WINDOWS\WinSxS\amd64_microsoft.windows.common-controls_6595b64144ccf1df_6.0.19041.1110_none_60b5254171f9507e;C:\WINDOWS\system32\tmumh\20019\AddOn\8.53.0.1128;C:\WINDOWS\system32\tmumh\20019\TmMon\2.8.0.1054;C:\Program Files\Java\jdk-11\bin\server

VM Arguments:
jvm_args: -Dfile.encoding=UTF-8 
java_command: de.rac.openscenario.generator.cpp.GeneratorCpp D:\osc-api\openscenario.api.test\cpp\openScenarioLib\generated
java_class_path (initial): D:\osc-api\openscenario.api.test\generator\de.rac.openscenario.generator\target\classes;C:\Users\ahege\.groovy\greclipse\global_dsld_support;C:\Users\ahege\.p2\pool\plugins\org.codehaus.groovy_3.0.11.v202206221919-e2206\plugin_dsld_support\;C:\Users\ahege\.m2\repository\org\codehaus\groovy\groovy\3.0.3\groovy-3.0.3.jar;C:\Users\ahege\.m2\repository\org\codehaus\groovy\groovy-ant\3.0.3\groovy-ant-3.0.3.jar;C:\Users\ahege\.m2\repository\org\apache\ant\ant\1.10.7\ant-1.10.7.jar;C:\Users\ahege\.m2\repository\org\apache\ant\ant-junit\1.10.7\ant-junit-1.10.7.jar;C:\Users\ahege\.m2\repository\org\apache\ant\ant-launcher\1.10.7\ant-launcher-1.10.7.jar;C:\Users\ahege\.m2\repository\org\apache\ant\ant-antlr\1.10.7\ant-antlr-1.10.7.jar;C:\Users\ahege\.m2\repository\org\codehaus\groovy\groovy-astbuilder\3.0.3\groovy-astbuilder-3.0.3.jar;C:\Users\ahege\.m2\repository\org\codehaus\groovy\groovy-cli-picocli\3.0.3\groovy-cli-picocli-3.0.3.jar;C:\Users\ahege\.m2\repository\info\picocli\picocli\4.2.0\picocli-4.2.0.jar;C:\Users\ahege\.m2\repository\org\codehaus\groovy\groovy-console\3.0.3\groovy-console-3.0.3.jar;C:\Users\ahege\.m2\repository\org\codehaus\groovy\groovy-datetime\3.0.3\groovy-datetime-3.0.3.jar;C:\Users\ahege\.m2\repository\org\codehaus\groovy\groovy-docgenerator\3.0.3\groovy-docgenerator-3.0.3.jar;C:\Users\ahege\.m2\repository\com\thoughtworks\qdox\qdox\1.12.1\qdox-1.12.1.jar;C:\Users\ahege\.m2\repository\org\codehaus\groovy\groovy-groovydoc\3.0.3\groovy-groovydoc-3.0.3.jar;C:\Users\ahege\.m2\repository\com\github\javaparser\javaparser-core\3.15.17\javaparser-core-3.15.17.jar;C:\Users\ahege\.m2\repository\org\codehaus\groovy\groovy-groovysh\3.0.3\groovy-groovysh-3.0.3.jar;C:\Users\ahege\.m2\repository\jline\jline\2.14.6\jline-2.14.6.jar;C:\Users\ahege\.m2\repository\org\codehaus\groovy\groovy-jmx\3.0.3\groovy-jmx-3.0.3.jar;C:\Users\ahege\.m2\repository\org\codehaus\groovy\groovy-json\3.0.3\groovy-json-3.0.3.jar;C:\Users\ahege\.m2\repository
Launcher Type: SUN_STANDARD

[Global flags]
     intx CICompilerCount                          = 3                                         {product} {ergonomic}
     uint ConcGCThreads                            = 2                                         {product} {ergonomic}
     uint G1ConcRefinementThreads                  = 6                                         {product} {ergonomic}
   size_t G1HeapRegionSize                         = 1048576                                   {product} {ergonomic}
    uintx GCDrainStackTargetSize                   = 64                                        {product} {ergonomic}
   size_t InitialHeapSize                          = 266338304                                 {product} {ergonomic}
   size_t MarkStackSize                            = 4194304                                   {product} {ergonomic}
   size_t MaxHeapSize                              = 4253024256                                {product} {ergonomic}
   size_t MinHeapDeltaBytes                        = 1048576                                   {product} {ergonomic}
    uintx NonNMethodCodeHeapSize                   = 5830092                                {pd product} {ergonomic}
    uintx NonProfiledCodeHeapSize                  = 122914074                              {pd product} {ergonomic}
    uintx ProfiledCodeHeapSize                     = 122914074                              {pd product} {ergonomic}
    uintx ReservedCodeCacheSize                    = 251658240                              {pd product} {ergonomic}
     bool SegmentedCodeCache                       = true                                      {product} {ergonomic}
     bool UseCompressedClassPointers               = true                                 {lp64_product} {ergonomic}
     bool UseCompressedOops                        = true                                 {lp64_product} {ergonomic}
     bool UseG1GC                                  = true                                      {product} {ergonomic}
     bool UseLargePagesIndividualAllocation        = false                                  {pd product} {ergonomic}

Logging:
Log output configuration:
 #0: stdout all=warning uptime,level,tags
 #1: stderr all=off uptime,level,tags

Environment Variables:
JAVA_HOME=C:\Program Files\Java\jdk1.8.0_251
PATH=C:/Program Files/Java/jdk-11/bin/server;C:/Program Files/Java/jdk-11/bin;C:\Python38\Scripts\;C:\Python38\;C:\Program Files (x86)\Common Files\Oracle\Java\javapath;C:\Program Files (x86)\Intel\Intel(R) Management Engine Components\iCLS\;C:\Program Files\Intel\Intel(R) Management Engine Components\iCLS\;C:\WINDOWS\system32;C:\WINDOWS;C:\WINDOWS\System32\Wbem;C:\WINDOWS\System32\WindowsPowerShell\v1.0\;C:\WINDOWS\System32\OpenSSH\;C:\Program Files (x86)\Intel\Intel(R) Management Engine Components\DAL;C:\Program Files\Intel\Intel(R) Management Engine Components\DAL;C:\Program Files\OpenSSL-Win64\bin;C:\Users\ahege\AppData\Local\Continuum\anaconda3\pkgs\openssl-1.1.1a-he774522_0\Library\bin;C:\Users\ahege\AppData\Local\Continuum\anaconda3\Scripts;C:\Users\ahege\AppData\Local\Continuum\anaconda3;C:\Users\ahege\AppData\Local\Continuum\anaconda3\Library\bin;C:\Program Files\TortoiseHg\;C:\Program Files\Calibre2\;C:\Program Files\dotnet\;C:\Program Files\Microsoft SQL Server\130\Tools\Binn\;C:\Program Files\TortoiseSVN\bin;C:\ProgramData\chocolatey\bin;C:\Program Files\TortoiseGit\bin;C:\Program Files\Docker\Docker\resources\bin;C:\ProgramData\DockerDesktop\version-bin;C:\Program Files\nodejs\;C:\Users\ahege\AppData\Local\Ruby27-x64\bin;C:\Users\ahege\AppData\Local\Microsoft\WindowsApps;C:\Users\ahege\AppData\Local\Programs\Microsoft VS Code\bin;C:\temp\apache-maven-3.6.3\bin;C:\Users\ahege\AppData\Roaming\npm;C:\Users\ahege\AppData\Local\Pandoc\;C:\Program Files\CMake\bin;C:\Users\ahege\AppData\Local\Programs\Git\cmd;C:\Users\ahege\xsd-master\eclipse;
USERNAME=ahege
OS=Windows_NT
PROCESSOR_IDENTIFIER=Intel64 Family 6 Model 158 Stepping 10, GenuineIntel



---------------  S Y S T E M  ---------------

OS: Windows 10 , 64 bit Build 19041 (10.0.19041.1889)

CPU:total 6 (initial active 6) (6 cores per cpu, 1 threads per core) family 6 model 158 stepping 10, cmov, cx8, fxsr, mmx, sse, sse2, sse3, ssse3, sse4.1, sse4.2, popcnt, avx, avx2, aes, clmul, erms, rtm, 3dnowpref, lzcnt, tsc, tscinvbit, bmi1, bmi2, adx, fma

Memory: 4k page, system-wide physical 16222M (3791M free)
TotalPageFile size 28510M (AvailPageFile size 54M)
current process WorkingSet (physical memory assigned to process): 13M, peak: 13M
current process commit charge ("private bytes"): 59M, peak: 313M

vm_info: OpenJDK 64-Bit Server VM (11+28) for windows-amd64 JRE (11+28), built on Aug 23 2018 03:04:58 by "mach5one" with MS VC++ 15.5 (VS2017)

END.
